{"level":"error","message":"successfully fetch","timestamp":"2025-01-28T11:56:30.292Z"}
{"level":"error","message":"Error in create student","timestamp":"2025-01-28T12:00:12.957Z"}
{"level":"error","message":"successfully fetch","timestamp":"28-01-2025 17:34:50"}
{
  level: 'error',
  message: 'Error in create student',
  timestamp: '28-01-2025 17:45:35'
}
{
  level: 'error',
  message: 'Error in create student',
  timestamp: '28-01-2025 17:49:50'
}
{
  level: 'error',
  message: 'Error in get student details',
  timestamp: '28-01-2025 18:03:33'
}
{
  level: 'error',
  message: 'Error in get student details',
  timestamp: '29-01-2025 15:45:09'
}
{
  level: 'error',
  message: 'Error in get student details with id',
  timestamp: '29-01-2025 16:40:04'
}
{
  level: 'error',
  message: 'Error in get student details with id',
  timestamp: '29-01-2025 16:41:44'
}
{
  level: 'error',
  message: 'Error in get student details with id',
  timestamp: '29-01-2025 16:41:46'
}
{
  level: 'error',
  message: 'Error in get student details with id',
  timestamp: '29-01-2025 16:42:04'
}
{
  level: 'error',
  message: 'Error in get student details with id',
  timestamp: '29-01-2025 16:42:54'
}
{
  level: 'error',
  message: 'Error in get student details with id',
  timestamp: '29-01-2025 16:42:55'
}
{
  level: 'error',
  message: 'Error in get student details with id',
  timestamp: '29-01-2025 16:43:41'
}
{
  level: 'error',
  message: 'Error in get student details with id',
  timestamp: '29-01-2025 16:43:42'
}
{
  level: 'error',
  message: 'Error in get student details with id',
  timestamp: '29-01-2025 16:43:57'
}
{
  level: 'error',
  message: 'Error in get student details with id',
  timestamp: '29-01-2025 16:45:10'
}
{
  level: 'error',
  message: 'Error in get student details with id',
  timestamp: '29-01-2025 16:45:11'
}
{
  level: 'error',
  message: 'Error in get student details with id',
  timestamp: '29-01-2025 16:45:49'
}
{
  level: 'error',
  message: 'Error in get student details with id',
  timestamp: '29-01-2025 16:46:19'
}
{
  level: 'error',
  message: 'Error in get student details with id',
  timestamp: '29-01-2025 16:46:19'
}
{
  level: 'error',
  message: 'Error in get student details with id',
  timestamp: '29-01-2025 16:46:39'
}
{
  level: 'error',
  message: 'Error in get student details with id',
  timestamp: '29-01-2025 16:46:55'
}
{
  level: 'error',
  message: 'Error in get student details with id',
  timestamp: '29-01-2025 16:46:56'
}
{
  level: 'error',
  message: 'Error in get student details',
  timestamp: '30-01-2025 11:18:50'
}
{
  level: 'error',
  message: 'Error in get student details',
  timestamp: '30-01-2025 11:36:53'
}
{
  level: 'error',
  message: 'Error in get student details',
  timestamp: '14-02-2025 10:56:17'
}
{
  level: 'error',
  message: 'Error in get student details',
  timestamp: '14-02-2025 10:56:35'
}
{
  level: 'error',
  message: 'Error in get student details',
  timestamp: '14-02-2025 11:05:26'
}
{
  level: 'error',
  message: 'Error in get student details',
  timestamp: '14-02-2025 11:05:43'
}
{
  level: 'error',
  message: 'Error in get student details',
  timestamp: '14-02-2025 11:06:16'
}
{
  level: 'error',
  message: 'Error in get student details',
  timestamp: '14-02-2025 11:08:33'
}
{
  level: 'error',
  message: 'Error in get student details',
  timestamp: '14-02-2025 11:08:33'
}
